  [4;36;1mSQL (0.3ms)[0m   [0;1m SELECT name
 FROM sqlite_master
 WHERE type = 'table' AND NOT name = 'sqlite_sequence'
[0m
  [4;35;1mSQL (0.1ms)[0m   [0mselect sqlite_version(*)[0m
  [4;36;1mSQL (2.7ms)[0m   [0;1mCREATE TABLE "schema_migrations" ("version" varchar(255) NOT NULL) [0m
  [4;35;1mSQL (0.0ms)[0m   [0mPRAGMA index_list("schema_migrations")[0m
  [4;36;1mSQL (18.7ms)[0m   [0;1mCREATE UNIQUE INDEX "unique_schema_migrations" ON "schema_migrations" ("version")[0m
  [4;35;1mSQL (0.1ms)[0m   [0m SELECT name
 FROM sqlite_master
 WHERE type = 'table' AND NOT name = 'sqlite_sequence'
[0m
  [4;36;1mSQL (0.1ms)[0m   [0;1m SELECT name
 FROM sqlite_master
 WHERE type = 'table' AND NOT name = 'sqlite_sequence'
[0m
  [4;35;1mSQL (0.1ms)[0m   [0mSELECT version FROM schema_migrations[0m
  [4;36;1mSQL (0.1ms)[0m   [0;1m SELECT name
 FROM sqlite_master
 WHERE type = 'table' AND NOT name = 'sqlite_sequence'
[0m
  [4;36;1mSQL (0.3ms)[0m   [0;1m SELECT name
 FROM sqlite_master
 WHERE type = 'table' AND NOT name = 'sqlite_sequence'
[0m
  [4;35;1mSQL (0.1ms)[0m   [0mselect sqlite_version(*)[0m
  [4;36;1mSQL (0.1ms)[0m   [0;1m SELECT name
 FROM sqlite_master
 WHERE type = 'table' AND NOT name = 'sqlite_sequence'
[0m
  [4;35;1mSQL (0.1ms)[0m   [0mSELECT version FROM schema_migrations[0m
  [4;36;1mSQL (0.1ms)[0m   [0;1m SELECT name
 FROM sqlite_master
 WHERE type = 'table' AND NOT name = 'sqlite_sequence'
[0m


Processing HomeController#index (for 127.0.0.1 at 2010-10-03 00:45:10) [GET]
Rendering home/index
Completed in 51ms (View: 50, DB: 0) | 200 OK [http://localhost/]


Processing HomeController#index (for 127.0.0.1 at 2010-10-04 20:28:25) [GET]
Rendering home/index
Completed in 22ms (View: 21, DB: 0) | 200 OK [http://localhost/]


Processing HomeController#index (for 127.0.0.1 at 2010-10-04 20:28:33) [GET]
Rendering home/index
Completed in 2ms (View: 1, DB: 0) | 200 OK [http://localhost/]


Processing HomeController#index (for 127.0.0.1 at 2010-10-04 20:28:35) [GET]
Rendering home/index
Completed in 2ms (View: 1, DB: 0) | 200 OK [http://localhost/]


Processing HomeController#index (for 127.0.0.1 at 2010-10-04 20:28:35) [GET]
Rendering home/index
Completed in 2ms (View: 1, DB: 0) | 200 OK [http://localhost/]


Processing TweetsMapController#map (for 127.0.0.1 at 2010-10-04 20:29:09) [GET]
  Parameters: {"user"=>"lucastorri"}
Rendering tweets_map/map
Completed in 4ms (View: 3, DB: 0) | 200 OK [http://localhost/map/lucastorri]


Processing TweetsMapController#map (for 127.0.0.1 at 2010-10-04 20:36:23) [GET]
  Parameters: {"user"=>"lucastorri"}
Rendering tweets_map/map
Completed in 7357ms (View: 221, DB: 0) | 200 OK [http://localhost/map/lucastorri]


Processing HomeController#index (for 127.0.0.1 at 2010-10-04 20:42:12) [GET]
Rendering home/index
Completed in 5ms (View: 4, DB: 0) | 200 OK [http://localhost/]


Processing HomeController#index (for 127.0.0.1 at 2010-10-04 20:42:23) [GET]
Rendering home/index
Completed in 2ms (View: 1, DB: 0) | 200 OK [http://localhost/]


Processing HomeController#index (for 127.0.0.1 at 2010-10-04 20:42:36) [GET]
Rendering home/index
Completed in 6ms (View: 4, DB: 0) | 200 OK [http://localhost/]


Processing HomeController#index (for 127.0.0.1 at 2010-10-04 20:42:53) [GET]
Rendering home/index
Completed in 5ms (View: 4, DB: 0) | 200 OK [http://localhost/]


Processing HomeController#index (for 127.0.0.1 at 2010-10-04 20:43:13) [GET]
Rendering home/index
Completed in 6ms (View: 5, DB: 0) | 200 OK [http://localhost/]


Processing ApplicationController#index (for 127.0.0.1 at 2010-10-04 20:43:25) [GET]

ActionController::RoutingError (No route matches "/index.html" with {:method=>:get}):
  /Users/lucastorri/.rvm/rubies/ree-1.8.7-2010.02/lib/ruby/1.8/webrick/httpserver.rb:104:in `service'
  /Users/lucastorri/.rvm/rubies/ree-1.8.7-2010.02/lib/ruby/1.8/webrick/httpserver.rb:65:in `run'
  /Users/lucastorri/.rvm/rubies/ree-1.8.7-2010.02/lib/ruby/1.8/webrick/server.rb:173:in `start_thread'
  /Users/lucastorri/.rvm/rubies/ree-1.8.7-2010.02/lib/ruby/1.8/webrick/server.rb:162:in `start'
  /Users/lucastorri/.rvm/rubies/ree-1.8.7-2010.02/lib/ruby/1.8/webrick/server.rb:162:in `start_thread'
  /Users/lucastorri/.rvm/rubies/ree-1.8.7-2010.02/lib/ruby/1.8/webrick/server.rb:95:in `start'
  /Users/lucastorri/.rvm/rubies/ree-1.8.7-2010.02/lib/ruby/1.8/webrick/server.rb:92:in `each'
  /Users/lucastorri/.rvm/rubies/ree-1.8.7-2010.02/lib/ruby/1.8/webrick/server.rb:92:in `start'
  /Users/lucastorri/.rvm/rubies/ree-1.8.7-2010.02/lib/ruby/1.8/webrick/server.rb:23:in `start'
  /Users/lucastorri/.rvm/rubies/ree-1.8.7-2010.02/lib/ruby/1.8/webrick/server.rb:82:in `start'

Rendering rescues/layout (not_found)


Processing ApplicationController#index (for 127.0.0.1 at 2010-10-04 20:43:35) [GET]

ActionController::RoutingError (No route matches "/index.html.erb" with {:method=>:get}):
  /Users/lucastorri/.rvm/rubies/ree-1.8.7-2010.02/lib/ruby/1.8/webrick/httpserver.rb:104:in `service'
  /Users/lucastorri/.rvm/rubies/ree-1.8.7-2010.02/lib/ruby/1.8/webrick/httpserver.rb:65:in `run'
  /Users/lucastorri/.rvm/rubies/ree-1.8.7-2010.02/lib/ruby/1.8/webrick/server.rb:173:in `start_thread'
  /Users/lucastorri/.rvm/rubies/ree-1.8.7-2010.02/lib/ruby/1.8/webrick/server.rb:162:in `start'
  /Users/lucastorri/.rvm/rubies/ree-1.8.7-2010.02/lib/ruby/1.8/webrick/server.rb:162:in `start_thread'
  /Users/lucastorri/.rvm/rubies/ree-1.8.7-2010.02/lib/ruby/1.8/webrick/server.rb:95:in `start'
  /Users/lucastorri/.rvm/rubies/ree-1.8.7-2010.02/lib/ruby/1.8/webrick/server.rb:92:in `each'
  /Users/lucastorri/.rvm/rubies/ree-1.8.7-2010.02/lib/ruby/1.8/webrick/server.rb:92:in `start'
  /Users/lucastorri/.rvm/rubies/ree-1.8.7-2010.02/lib/ruby/1.8/webrick/server.rb:23:in `start'
  /Users/lucastorri/.rvm/rubies/ree-1.8.7-2010.02/lib/ruby/1.8/webrick/server.rb:82:in `start'

Rendering rescues/layout (not_found)


Processing HomeController#index (for 127.0.0.1 at 2010-10-04 20:43:41) [GET]
Rendering home/index
Completed in 2ms (View: 1, DB: 0) | 200 OK [http://localhost/]


Processing HomeController#index (for 127.0.0.1 at 2010-10-04 20:44:28) [GET]
Rendering home/index
Completed in 9ms (View: 8, DB: 0) | 200 OK [http://localhost/]


Processing HomeController#index (for 127.0.0.1 at 2010-10-04 20:46:04) [GET]
Rendering home/index
Completed in 5ms (View: 4, DB: 0) | 200 OK [http://localhost/]


Processing HomeController#index (for 127.0.0.1 at 2010-10-04 20:46:18) [GET]
Rendering home/index
Completed in 5ms (View: 3, DB: 0) | 200 OK [http://localhost/]


Processing HomeController#index (for 127.0.0.1 at 2010-10-04 20:46:28) [GET]
Rendering home/index
Completed in 2ms (View: 1, DB: 0) | 200 OK [http://localhost/]


Processing HomeController#index (for 127.0.0.1 at 2010-10-04 20:51:03) [GET]
Rendering home/index
Completed in 7ms (View: 5, DB: 0) | 200 OK [http://localhost/]


Processing HomeController#index (for 127.0.0.1 at 2010-10-04 20:51:50) [GET]
Rendering home/index
Completed in 24ms (View: 22, DB: 0) | 200 OK [http://localhost/]


Processing HomeController#index (for 127.0.0.1 at 2010-10-04 20:52:26) [GET]
Rendering home/index
Completed in 2ms (View: 1, DB: 0) | 200 OK [http://localhost/]


Processing HomeController#index (for 127.0.0.1 at 2010-10-04 20:53:45) [GET]
Rendering home/index
Completed in 5ms (View: 3, DB: 0) | 200 OK [http://localhost/]


Processing HomeController#index (for 127.0.0.1 at 2010-10-04 20:54:22) [GET]
Rendering home/index
Completed in 5ms (View: 4, DB: 0) | 200 OK [http://localhost/]


Processing HomeController#index (for 127.0.0.1 at 2010-10-04 20:54:58) [GET]
Rendering home/index
Completed in 73ms (View: 71, DB: 0) | 200 OK [http://localhost/]


Processing HomeController#index (for 127.0.0.1 at 2010-10-04 21:01:32) [GET]
Rendering home/index
Completed in 20ms (View: 6, DB: 0) | 200 OK [http://localhost/]


Processing HomeController#index (for 127.0.0.1 at 2010-10-04 21:01:48) [GET]
Rendering home/index
Completed in 420ms (View: 419, DB: 0) | 200 OK [http://localhost/]


Processing HomeController#index (for 127.0.0.1 at 2010-10-04 21:01:59) [GET]
Rendering home/index
Completed in 6ms (View: 4, DB: 0) | 200 OK [http://localhost/]


Processing HomeController#index (for 127.0.0.1 at 2010-10-04 21:04:20) [GET]
Rendering home/index
Completed in 5ms (View: 3, DB: 0) | 200 OK [http://localhost/]


Processing HomeController#index (for 127.0.0.1 at 2010-10-04 21:04:24) [POST]
  Parameters: {"dyn"=>"lucastorri"}

ActionController::InvalidAuthenticityToken (ActionController::InvalidAuthenticityToken):
  /Users/lucastorri/.rvm/rubies/ree-1.8.7-2010.02/lib/ruby/1.8/webrick/httpserver.rb:104:in `service'
  /Users/lucastorri/.rvm/rubies/ree-1.8.7-2010.02/lib/ruby/1.8/webrick/httpserver.rb:65:in `run'
  /Users/lucastorri/.rvm/rubies/ree-1.8.7-2010.02/lib/ruby/1.8/webrick/server.rb:173:in `start_thread'
  /Users/lucastorri/.rvm/rubies/ree-1.8.7-2010.02/lib/ruby/1.8/webrick/server.rb:162:in `start'
  /Users/lucastorri/.rvm/rubies/ree-1.8.7-2010.02/lib/ruby/1.8/webrick/server.rb:162:in `start_thread'
  /Users/lucastorri/.rvm/rubies/ree-1.8.7-2010.02/lib/ruby/1.8/webrick/server.rb:95:in `start'
  /Users/lucastorri/.rvm/rubies/ree-1.8.7-2010.02/lib/ruby/1.8/webrick/server.rb:92:in `each'
  /Users/lucastorri/.rvm/rubies/ree-1.8.7-2010.02/lib/ruby/1.8/webrick/server.rb:92:in `start'
  /Users/lucastorri/.rvm/rubies/ree-1.8.7-2010.02/lib/ruby/1.8/webrick/server.rb:23:in `start'
  /Users/lucastorri/.rvm/rubies/ree-1.8.7-2010.02/lib/ruby/1.8/webrick/server.rb:82:in `start'

Rendered rescues/_trace (29.1ms)
Rendered rescues/_request_and_response (13.6ms)
Rendering rescues/layout (unprocessable_entity)


Processing HomeController#index (for 127.0.0.1 at 2010-10-04 21:05:02) [GET]
Rendering home/index
Completed in 5ms (View: 3, DB: 0) | 200 OK [http://localhost/]


Processing HomeController#index (for 127.0.0.1 at 2010-10-04 21:05:06) [POST]
  Parameters: {"dyn"=>"lucastorri"}

ActionController::InvalidAuthenticityToken (ActionController::InvalidAuthenticityToken):
  /Users/lucastorri/.rvm/rubies/ree-1.8.7-2010.02/lib/ruby/1.8/webrick/httpserver.rb:104:in `service'
  /Users/lucastorri/.rvm/rubies/ree-1.8.7-2010.02/lib/ruby/1.8/webrick/httpserver.rb:65:in `run'
  /Users/lucastorri/.rvm/rubies/ree-1.8.7-2010.02/lib/ruby/1.8/webrick/server.rb:173:in `start_thread'
  /Users/lucastorri/.rvm/rubies/ree-1.8.7-2010.02/lib/ruby/1.8/webrick/server.rb:162:in `start'
  /Users/lucastorri/.rvm/rubies/ree-1.8.7-2010.02/lib/ruby/1.8/webrick/server.rb:162:in `start_thread'
  /Users/lucastorri/.rvm/rubies/ree-1.8.7-2010.02/lib/ruby/1.8/webrick/server.rb:95:in `start'
  /Users/lucastorri/.rvm/rubies/ree-1.8.7-2010.02/lib/ruby/1.8/webrick/server.rb:92:in `each'
  /Users/lucastorri/.rvm/rubies/ree-1.8.7-2010.02/lib/ruby/1.8/webrick/server.rb:92:in `start'
  /Users/lucastorri/.rvm/rubies/ree-1.8.7-2010.02/lib/ruby/1.8/webrick/server.rb:23:in `start'
  /Users/lucastorri/.rvm/rubies/ree-1.8.7-2010.02/lib/ruby/1.8/webrick/server.rb:82:in `start'

Rendered rescues/_trace (29.6ms)
Rendered rescues/_request_and_response (0.3ms)
Rendering rescues/layout (unprocessable_entity)


Processing HomeController#index (for 127.0.0.1 at 2010-10-04 21:08:06) [POST]
  Parameters: {"dyn"=>"lucastorri"}

ActionController::InvalidAuthenticityToken (ActionController::InvalidAuthenticityToken):
  /Users/lucastorri/.rvm/rubies/ree-1.8.7-2010.02/lib/ruby/1.8/webrick/httpserver.rb:104:in `service'
  /Users/lucastorri/.rvm/rubies/ree-1.8.7-2010.02/lib/ruby/1.8/webrick/httpserver.rb:65:in `run'
  /Users/lucastorri/.rvm/rubies/ree-1.8.7-2010.02/lib/ruby/1.8/webrick/server.rb:173:in `start_thread'
  /Users/lucastorri/.rvm/rubies/ree-1.8.7-2010.02/lib/ruby/1.8/webrick/server.rb:162:in `start'
  /Users/lucastorri/.rvm/rubies/ree-1.8.7-2010.02/lib/ruby/1.8/webrick/server.rb:162:in `start_thread'
  /Users/lucastorri/.rvm/rubies/ree-1.8.7-2010.02/lib/ruby/1.8/webrick/server.rb:95:in `start'
  /Users/lucastorri/.rvm/rubies/ree-1.8.7-2010.02/lib/ruby/1.8/webrick/server.rb:92:in `each'
  /Users/lucastorri/.rvm/rubies/ree-1.8.7-2010.02/lib/ruby/1.8/webrick/server.rb:92:in `start'
  /Users/lucastorri/.rvm/rubies/ree-1.8.7-2010.02/lib/ruby/1.8/webrick/server.rb:23:in `start'
  /Users/lucastorri/.rvm/rubies/ree-1.8.7-2010.02/lib/ruby/1.8/webrick/server.rb:82:in `start'

Rendered rescues/_trace (28.3ms)
Rendered rescues/_request_and_response (0.3ms)
Rendering rescues/layout (unprocessable_entity)


Processing HomeController#index (for 127.0.0.1 at 2010-10-04 21:08:09) [GET]
Rendering home/index
Completed in 53ms (View: 51, DB: 0) | 200 OK [http://localhost/]


Processing HomeController#index (for 127.0.0.1 at 2010-10-04 21:08:17) [POST]
  Parameters: {"dyn"=>"lucastorri"}

ActionController::InvalidAuthenticityToken (ActionController::InvalidAuthenticityToken):
  /Users/lucastorri/.rvm/rubies/ree-1.8.7-2010.02/lib/ruby/1.8/webrick/httpserver.rb:104:in `service'
  /Users/lucastorri/.rvm/rubies/ree-1.8.7-2010.02/lib/ruby/1.8/webrick/httpserver.rb:65:in `run'
  /Users/lucastorri/.rvm/rubies/ree-1.8.7-2010.02/lib/ruby/1.8/webrick/server.rb:173:in `start_thread'
  /Users/lucastorri/.rvm/rubies/ree-1.8.7-2010.02/lib/ruby/1.8/webrick/server.rb:162:in `start'
  /Users/lucastorri/.rvm/rubies/ree-1.8.7-2010.02/lib/ruby/1.8/webrick/server.rb:162:in `start_thread'
  /Users/lucastorri/.rvm/rubies/ree-1.8.7-2010.02/lib/ruby/1.8/webrick/server.rb:95:in `start'
  /Users/lucastorri/.rvm/rubies/ree-1.8.7-2010.02/lib/ruby/1.8/webrick/server.rb:92:in `each'
  /Users/lucastorri/.rvm/rubies/ree-1.8.7-2010.02/lib/ruby/1.8/webrick/server.rb:92:in `start'
  /Users/lucastorri/.rvm/rubies/ree-1.8.7-2010.02/lib/ruby/1.8/webrick/server.rb:23:in `start'
  /Users/lucastorri/.rvm/rubies/ree-1.8.7-2010.02/lib/ruby/1.8/webrick/server.rb:82:in `start'

Rendered rescues/_trace (27.5ms)
Rendered rescues/_request_and_response (0.3ms)
Rendering rescues/layout (unprocessable_entity)


Processing HomeController#index (for 127.0.0.1 at 2010-10-04 21:09:05) [GET]
Rendering home/index
Completed in 7ms (View: 6, DB: 0) | 200 OK [http://localhost/]


Processing HomeController#index (for 127.0.0.1 at 2010-10-04 21:09:09) [POST]
  Parameters: {"dyn"=>"lucastorri"}
Rendering home/index
Completed in 2ms (View: 0, DB: 0) | 200 OK [http://localhost/]


Processing HomeController#index (for 127.0.0.1 at 2010-10-04 21:10:18) [POST]
  Parameters: {"dyn"=>"lucastorri"}
Rendering home/index
Completed in 7ms (View: 5, DB: 0) | 200 OK [http://localhost/]


Processing HomeController#index (for 127.0.0.1 at 2010-10-04 21:10:22) [POST]
  Parameters: {"dyn"=>"lucastorri"}
Rendering home/index
Completed in 2ms (View: 1, DB: 0) | 200 OK [http://localhost/]


Processing HomeController#index (for 127.0.0.1 at 2010-10-04 21:11:30) [POST]
  Parameters: {"dyn"=>"lucastorri"}
Rendering home/index
Completed in 6ms (View: 4, DB: 0) | 200 OK [http://localhost/]


Processing HomeController#index (for 127.0.0.1 at 2010-10-04 21:11:48) [POST]
  Parameters: {"dyn"=>"lucastorri"}
Rendering home/index
Completed in 5ms (View: 4, DB: 0) | 200 OK [http://localhost/]


Processing HomeController#index (for 127.0.0.1 at 2010-10-04 21:12:02) [POST]
  Parameters: {"dyn"=>"lucastorri"}
Rendering home/index
Completed in 7ms (View: 6, DB: 0) | 200 OK [http://localhost/]


Processing HomeController#index (for 127.0.0.1 at 2010-10-04 21:12:04) [GET]
Rendering home/index
Completed in 2ms (View: 0, DB: 0) | 200 OK [http://localhost/]


Processing HomeController#index (for 127.0.0.1 at 2010-10-04 21:13:07) [GET]
Rendering home/index
Completed in 5ms (View: 4, DB: 0) | 200 OK [http://localhost/]


Processing HomeController#index (for 127.0.0.1 at 2010-10-04 21:13:42) [GET]
Rendering home/index
Completed in 6ms (View: 4, DB: 0) | 200 OK [http://localhost/]


Processing HomeController#index (for 127.0.0.1 at 2010-10-04 21:15:42) [GET]
Rendering home/index
Completed in 6ms (View: 4, DB: 0) | 200 OK [http://localhost/]


Processing HomeController#index (for 127.0.0.1 at 2010-10-04 21:16:21) [GET]
Rendering home/index
Completed in 6ms (View: 4, DB: 0) | 200 OK [http://localhost/]


Processing TweetsMapController#map (for 127.0.0.1 at 2010-10-04 21:16:37) [GET]
  Parameters: {"user"=>"lucastorri"}
Rendering tweets_map/map
Completed in 3510ms (View: 74, DB: 0) | 200 OK [http://localhost/map/lucastorri]


Processing HomeController#index (for 127.0.0.1 at 2010-10-04 21:18:01) [GET]
Rendering home/index
Completed in 6ms (View: 4, DB: 0) | 200 OK [http://localhost/]


Processing TweetsMapController#map (for 127.0.0.1 at 2010-10-04 21:18:13) [GET]
  Parameters: {"user"=>"lucastorri"}
Rendering tweets_map/map
Completed in 3996ms (View: 2, DB: 0) | 200 OK [http://localhost/map/lucastorri]


Processing TweetsMapController#map (for 127.0.0.1 at 2010-10-04 21:18:45) [GET]
  Parameters: {"user"=>"lucastorri"}
Rendering tweets_map/map
Completed in 19116ms (View: 2, DB: 0) | 200 OK [http://localhost/map/lucastorri]


Processing HomeController#index (for 127.0.0.1 at 2010-10-04 21:19:04) [GET]
Rendering home/index
Completed in 5ms (View: 4, DB: 0) | 200 OK [http://localhost/]


Processing TweetsMapController#map (for 127.0.0.1 at 2010-10-04 21:19:08) [GET]
  Parameters: {"user"=>"lucastorri"}
Rendering tweets_map/map
Completed in 4164ms (View: 2, DB: 0) | 200 OK [http://localhost/map/lucastorri]


Processing HomeController#index (for 127.0.0.1 at 2010-10-04 21:19:59) [GET]
Rendering home/index
Completed in 7ms (View: 6, DB: 0) | 200 OK [http://localhost/]


Processing TweetsMapController#map (for 127.0.0.1 at 2010-10-04 21:20:02) [GET]
  Parameters: {"user"=>"lucastorri"}
Rendering tweets_map/map
Completed in 3300ms (View: 2, DB: 0) | 200 OK [http://localhost/map/lucastorri]


Processing HomeController#index (for 127.0.0.1 at 2010-10-04 21:20:30) [GET]
Rendering home/index
Completed in 7ms (View: 5, DB: 0) | 200 OK [http://localhost/]


Processing HomeController#index (for 127.0.0.1 at 2010-10-04 21:20:43) [GET]
Rendering home/index
Completed in 2ms (View: 1, DB: 0) | 200 OK [http://localhost/]


Processing HomeController#index (for 127.0.0.1 at 2010-10-04 21:20:45) [GET]
Rendering home/index
Completed in 2ms (View: 0, DB: 0) | 200 OK [http://localhost/]


Processing HomeController#index (for 127.0.0.1 at 2010-10-04 21:21:19) [GET]
Rendering home/index
Completed in 6ms (View: 4, DB: 0) | 200 OK [http://localhost/]


Processing TweetsMapController#map (for 127.0.0.1 at 2010-10-04 21:21:21) [GET]
  Parameters: {"user"=>"lucastorri"}
Rendering tweets_map/map
Completed in 5281ms (View: 2, DB: 0) | 200 OK [http://localhost/map/lucastorri]


Processing TweetsMapController#map (for 127.0.0.1 at 2010-10-04 21:21:49) [GET]
  Parameters: {"user"=>"lucastorri"}
Rendering tweets_map/map
Completed in 3940ms (View: 2, DB: 0) | 200 OK [http://localhost/map/lucastorri]


Processing TweetsMapController#map (for 127.0.0.1 at 2010-10-04 21:24:21) [GET]
  Parameters: {"user"=>"lucastorri"}
Rendering tweets_map/map
Completed in 3521ms (View: 2, DB: 0) | 200 OK [http://localhost/map/lucastorri]


Processing HomeController#index (for 127.0.0.1 at 2010-10-04 21:24:24) [GET]
Rendering home/index
Completed in 5ms (View: 4, DB: 0) | 200 OK [http://localhost/]


Processing TweetsMapController#map (for 127.0.0.1 at 2010-10-04 21:24:27) [GET]
  Parameters: {"user"=>"lucastorri"}
Rendering tweets_map/map
Completed in 3581ms (View: 2, DB: 0) | 200 OK [http://localhost/map/lucastorri]


Processing HomeController#index (for 127.0.0.1 at 2010-10-04 21:24:52) [GET]
Rendering home/index
Completed in 6ms (View: 4, DB: 0) | 200 OK [http://localhost/]


Processing TweetsMapController#map (for 127.0.0.1 at 2010-10-04 21:24:55) [GET]
  Parameters: {"user"=>"lucastorri"}
Rendering tweets_map/map
Completed in 7288ms (View: 2, DB: 0) | 200 OK [http://localhost/map/lucastorri]


Processing TweetsMapController#map (for 127.0.0.1 at 2010-10-04 21:27:00) [GET]
  Parameters: {"user"=>"lucastorri"}
Rendering tweets_map/map
Completed in 4013ms (View: 2, DB: 0) | 200 OK [http://localhost/map/lucastorri]


Processing HomeController#index (for 127.0.0.1 at 2010-10-04 21:27:04) [GET]
Rendering home/index
Completed in 7ms (View: 5, DB: 0) | 200 OK [http://localhost/]


Processing TweetsMapController#map (for 127.0.0.1 at 2010-10-04 21:27:06) [GET]
  Parameters: {"user"=>"lucastorri"}
Rendering tweets_map/map
Completed in 3910ms (View: 2, DB: 0) | 200 OK [http://localhost/map/lucastorri]


Processing HomeController#index (for 127.0.0.1 at 2010-10-04 21:27:41) [GET]
Rendering home/index
Completed in 5ms (View: 4, DB: 0) | 200 OK [http://localhost/]


Processing TweetsMapController#map (for 127.0.0.1 at 2010-10-04 21:27:43) [GET]
  Parameters: {"user"=>"lucastorri"}
Rendering tweets_map/map
Completed in 4008ms (View: 2, DB: 0) | 200 OK [http://localhost/map/lucastorri]


Processing HomeController#index (for 127.0.0.1 at 2010-10-04 21:28:02) [GET]
Rendering home/index
Completed in 5ms (View: 4, DB: 0) | 200 OK [http://localhost/]


Processing TweetsMapController#map (for 127.0.0.1 at 2010-10-04 21:28:04) [GET]
  Parameters: {"user"=>"lucastorri"}
Rendering tweets_map/map
Completed in 3972ms (View: 2, DB: 0) | 200 OK [http://localhost/map/lucastorri]


Processing HomeController#index (for 127.0.0.1 at 2010-10-04 21:28:21) [GET]
Rendering home/index
Completed in 5ms (View: 4, DB: 0) | 200 OK [http://localhost/]


Processing TweetsMapController#map (for 127.0.0.1 at 2010-10-04 21:28:24) [GET]
  Parameters: {"user"=>"lucastorri"}
Rendering tweets_map/map
Completed in 3933ms (View: 2, DB: 0) | 200 OK [http://localhost/map/lucastorri]


Processing TweetsMapController#map (for 127.0.0.1 at 2010-10-04 21:28:47) [GET]
  Parameters: {"user"=>"lucastorri"}
Rendering tweets_map/map
Completed in 4073ms (View: 2, DB: 0) | 200 OK [http://localhost/map/lucastorri]


Processing HomeController#index (for 127.0.0.1 at 2010-10-04 21:34:19) [GET]
Rendering home/index
Completed in 7ms (View: 5, DB: 0) | 200 OK [http://localhost/]


Processing TweetsMapController#map (for 127.0.0.1 at 2010-10-04 21:34:21) [GET]
  Parameters: {"user"=>"lucastorri"}
Rendering tweets_map/map
Completed in 3585ms (View: 2, DB: 0) | 200 OK [http://localhost/map/lucastorri]


Processing HomeController#index (for 127.0.0.1 at 2010-10-04 21:35:33) [GET]
Rendering home/index
Completed in 5ms (View: 4, DB: 0) | 200 OK [http://localhost/]


Processing TweetsMapController#map (for 127.0.0.1 at 2010-10-04 21:35:37) [GET]
  Parameters: {"user"=>"lucastorri"}
Rendering tweets_map/map
Completed in 3532ms (View: 2, DB: 0) | 200 OK [http://localhost/map/lucastorri]


Processing HomeController#index (for 127.0.0.1 at 2010-10-04 21:38:29) [GET]
Rendering home/index
Completed in 6ms (View: 5, DB: 0) | 200 OK [http://localhost/]


Processing TweetsMapController#map (for 127.0.0.1 at 2010-10-04 21:38:31) [GET]
  Parameters: {"user"=>"lucastorri"}
Rendering tweets_map/map
Completed in 3564ms (View: 2, DB: 0) | 200 OK [http://localhost/map/lucastorri]


Processing TweetsMapController#map (for 127.0.0.1 at 2010-10-04 21:40:07) [GET]
  Parameters: {"user"=>"isadvecchia"}

NameError (undefined local variable or method `flass' for #<TweetsMapController:0x10230c688>):
  app/controllers/tweets_map_controller.rb:7:in `map'
  /Users/lucastorri/.rvm/rubies/ree-1.8.7-2010.02/lib/ruby/1.8/webrick/httpserver.rb:104:in `service'
  /Users/lucastorri/.rvm/rubies/ree-1.8.7-2010.02/lib/ruby/1.8/webrick/httpserver.rb:65:in `run'
  /Users/lucastorri/.rvm/rubies/ree-1.8.7-2010.02/lib/ruby/1.8/webrick/server.rb:173:in `start_thread'
  /Users/lucastorri/.rvm/rubies/ree-1.8.7-2010.02/lib/ruby/1.8/webrick/server.rb:162:in `start'
  /Users/lucastorri/.rvm/rubies/ree-1.8.7-2010.02/lib/ruby/1.8/webrick/server.rb:162:in `start_thread'
  /Users/lucastorri/.rvm/rubies/ree-1.8.7-2010.02/lib/ruby/1.8/webrick/server.rb:95:in `start'
  /Users/lucastorri/.rvm/rubies/ree-1.8.7-2010.02/lib/ruby/1.8/webrick/server.rb:92:in `each'
  /Users/lucastorri/.rvm/rubies/ree-1.8.7-2010.02/lib/ruby/1.8/webrick/server.rb:92:in `start'
  /Users/lucastorri/.rvm/rubies/ree-1.8.7-2010.02/lib/ruby/1.8/webrick/server.rb:23:in `start'
  /Users/lucastorri/.rvm/rubies/ree-1.8.7-2010.02/lib/ruby/1.8/webrick/server.rb:82:in `start'

Rendered rescues/_trace (26.3ms)
Rendered rescues/_request_and_response (1.0ms)
Rendering rescues/layout (internal_server_error)


Processing TweetsMapController#map (for 127.0.0.1 at 2010-10-04 21:40:17) [GET]
  Parameters: {"user"=>"tmarano"}

NameError (undefined local variable or method `flass' for #<TweetsMapController:0x101b11730>):
  app/controllers/tweets_map_controller.rb:7:in `map'
  /Users/lucastorri/.rvm/rubies/ree-1.8.7-2010.02/lib/ruby/1.8/webrick/httpserver.rb:104:in `service'
  /Users/lucastorri/.rvm/rubies/ree-1.8.7-2010.02/lib/ruby/1.8/webrick/httpserver.rb:65:in `run'
  /Users/lucastorri/.rvm/rubies/ree-1.8.7-2010.02/lib/ruby/1.8/webrick/server.rb:173:in `start_thread'
  /Users/lucastorri/.rvm/rubies/ree-1.8.7-2010.02/lib/ruby/1.8/webrick/server.rb:162:in `start'
  /Users/lucastorri/.rvm/rubies/ree-1.8.7-2010.02/lib/ruby/1.8/webrick/server.rb:162:in `start_thread'
  /Users/lucastorri/.rvm/rubies/ree-1.8.7-2010.02/lib/ruby/1.8/webrick/server.rb:95:in `start'
  /Users/lucastorri/.rvm/rubies/ree-1.8.7-2010.02/lib/ruby/1.8/webrick/server.rb:92:in `each'
  /Users/lucastorri/.rvm/rubies/ree-1.8.7-2010.02/lib/ruby/1.8/webrick/server.rb:92:in `start'
  /Users/lucastorri/.rvm/rubies/ree-1.8.7-2010.02/lib/ruby/1.8/webrick/server.rb:23:in `start'
  /Users/lucastorri/.rvm/rubies/ree-1.8.7-2010.02/lib/ruby/1.8/webrick/server.rb:82:in `start'

Rendered rescues/_trace (26.6ms)
Rendered rescues/_request_and_response (0.3ms)
Rendering rescues/layout (internal_server_error)


Processing HomeController#index (for 127.0.0.1 at 2010-10-04 21:40:22) [GET]
Rendering home/index
Completed in 2ms (View: 1, DB: 0) | 200 OK [http://localhost/]


Processing TweetsMapController#map (for 127.0.0.1 at 2010-10-04 21:40:33) [GET]
  Parameters: {"user"=>"isadvecchia"}

NameError (undefined local variable or method `flass' for #<TweetsMapController:0x102431860>):
  app/controllers/tweets_map_controller.rb:7:in `map'
  /Users/lucastorri/.rvm/rubies/ree-1.8.7-2010.02/lib/ruby/1.8/webrick/httpserver.rb:104:in `service'
  /Users/lucastorri/.rvm/rubies/ree-1.8.7-2010.02/lib/ruby/1.8/webrick/httpserver.rb:65:in `run'
  /Users/lucastorri/.rvm/rubies/ree-1.8.7-2010.02/lib/ruby/1.8/webrick/server.rb:173:in `start_thread'
  /Users/lucastorri/.rvm/rubies/ree-1.8.7-2010.02/lib/ruby/1.8/webrick/server.rb:162:in `start'
  /Users/lucastorri/.rvm/rubies/ree-1.8.7-2010.02/lib/ruby/1.8/webrick/server.rb:162:in `start_thread'
  /Users/lucastorri/.rvm/rubies/ree-1.8.7-2010.02/lib/ruby/1.8/webrick/server.rb:95:in `start'
  /Users/lucastorri/.rvm/rubies/ree-1.8.7-2010.02/lib/ruby/1.8/webrick/server.rb:92:in `each'
  /Users/lucastorri/.rvm/rubies/ree-1.8.7-2010.02/lib/ruby/1.8/webrick/server.rb:92:in `start'
  /Users/lucastorri/.rvm/rubies/ree-1.8.7-2010.02/lib/ruby/1.8/webrick/server.rb:23:in `start'
  /Users/lucastorri/.rvm/rubies/ree-1.8.7-2010.02/lib/ruby/1.8/webrick/server.rb:82:in `start'

Rendered rescues/_trace (23.7ms)
Rendered rescues/_request_and_response (0.3ms)
Rendering rescues/layout (internal_server_error)


Processing HomeController#index (for 127.0.0.1 at 2010-10-04 21:40:40) [POST]
  Parameters: {"dyn"=>"lucastorri"}
Rendering home/index
Completed in 2ms (View: 0, DB: 0) | 200 OK [http://localhost/]


Processing TweetsMapController#map (for 127.0.0.1 at 2010-10-04 21:40:42) [GET]
  Parameters: {"user"=>"lucastorri"}
Rendering tweets_map/map
Completed in 3979ms (View: 2, DB: 0) | 200 OK [http://localhost/map/lucastorri]


Processing TweetsMapController#map (for 127.0.0.1 at 2010-10-04 21:40:46) [GET]
  Parameters: {"user"=>"lucastorri"}
Rendering tweets_map/map
Completed in 3823ms (View: 2, DB: 0) | 200 OK [http://localhost/map/lucastorri]


Processing HomeController#index (for 127.0.0.1 at 2010-10-04 21:42:43) [GET]
Rendering home/index
Completed in 8ms (View: 7, DB: 0) | 200 OK [http://localhost/]


Processing HomeController#index (for 127.0.0.1 at 2010-10-04 21:42:48) [POST]
  Parameters: {"dyn"=>"jvortmann"}
Rendering home/index
Completed in 2ms (View: 0, DB: 0) | 200 OK [http://localhost/]


Processing TweetsMapController#map (for 127.0.0.1 at 2010-10-04 21:42:54) [GET]
  Parameters: {"user"=>"jvortmann"}

NameError (undefined local variable or method `flass' for #<TweetsMapController:0x10231e180>):
  app/controllers/tweets_map_controller.rb:7:in `map'
  /Users/lucastorri/.rvm/rubies/ree-1.8.7-2010.02/lib/ruby/1.8/webrick/httpserver.rb:104:in `service'
  /Users/lucastorri/.rvm/rubies/ree-1.8.7-2010.02/lib/ruby/1.8/webrick/httpserver.rb:65:in `run'
  /Users/lucastorri/.rvm/rubies/ree-1.8.7-2010.02/lib/ruby/1.8/webrick/server.rb:173:in `start_thread'
  /Users/lucastorri/.rvm/rubies/ree-1.8.7-2010.02/lib/ruby/1.8/webrick/server.rb:162:in `start'
  /Users/lucastorri/.rvm/rubies/ree-1.8.7-2010.02/lib/ruby/1.8/webrick/server.rb:162:in `start_thread'
  /Users/lucastorri/.rvm/rubies/ree-1.8.7-2010.02/lib/ruby/1.8/webrick/server.rb:95:in `start'
  /Users/lucastorri/.rvm/rubies/ree-1.8.7-2010.02/lib/ruby/1.8/webrick/server.rb:92:in `each'
  /Users/lucastorri/.rvm/rubies/ree-1.8.7-2010.02/lib/ruby/1.8/webrick/server.rb:92:in `start'
  /Users/lucastorri/.rvm/rubies/ree-1.8.7-2010.02/lib/ruby/1.8/webrick/server.rb:23:in `start'
  /Users/lucastorri/.rvm/rubies/ree-1.8.7-2010.02/lib/ruby/1.8/webrick/server.rb:82:in `start'

Rendered rescues/_trace (26.4ms)
Rendered rescues/_request_and_response (0.3ms)
Rendering rescues/layout (internal_server_error)


Processing HomeController#index (for 127.0.0.1 at 2010-10-04 21:45:13) [GET]
Rendering home/index
Completed in 6ms (View: 4, DB: 0) | 200 OK [http://localhost/]


Processing TweetsMapController#map (for 127.0.0.1 at 2010-10-04 21:45:18) [GET]
  Parameters: {"user"=>"jvortmann"}
Rendering tweets_map/map
Completed in 2897ms (View: 2, DB: 0) | 200 OK [http://localhost/map/jvortmann]


Processing HomeController#index (for 127.0.0.1 at 2010-10-04 21:46:57) [GET]
Rendering home/index
Completed in 10ms (View: 8, DB: 0) | 200 OK [http://localhost/]


Processing TweetsMapController#map (for 127.0.0.1 at 2010-10-04 21:47:02) [GET]
  Parameters: {"user"=>"isadvecchia"}
Rendering tweets_map/map
Completed in 609ms (View: 1, DB: 0) | 200 OK [http://localhost/map/isadvecchia]


Processing HomeController#index (for 127.0.0.1 at 2010-10-04 21:49:02) [GET]
Rendering home/index
Completed in 5ms (View: 4, DB: 0) | 200 OK [http://localhost/]


Processing TweetsMapController#map (for 127.0.0.1 at 2010-10-04 21:49:11) [GET]
  Parameters: {"user"=>"isadvecchia"}
Rendering tweets_map/map
Completed in 2659ms (View: 1, DB: 0) | 200 OK [http://localhost/map/isadvecchia]


Processing TweetsMapController#map (for 127.0.0.1 at 2010-10-04 21:49:30) [GET]
  Parameters: {"user"=>"isadvecchia"}
Rendering tweets_map/map
Completed in 659ms (View: 1, DB: 0) | 200 OK [http://localhost/map/isadvecchia]


Processing TweetsMapController#map (for 127.0.0.1 at 2010-10-04 21:49:54) [GET]
  Parameters: {"user"=>"isadvecchia"}
Rendering tweets_map/map
Completed in 822ms (View: 1, DB: 0) | 200 OK [http://localhost/map/isadvecchia]


Processing TweetsMapController#map (for 127.0.0.1 at 2010-10-04 21:50:36) [GET]
  Parameters: {"user"=>"isadvecchia"}
Rendering tweets_map/map
Completed in 727ms (View: 78, DB: 0) | 200 OK [http://localhost/map/isadvecchia]


Processing TweetsMapController#map (for 127.0.0.1 at 2010-10-04 21:50:42) [GET]
  Parameters: {"user"=>"isadvecchia"}
Rendering tweets_map/map
Completed in 679ms (View: 1, DB: 0) | 200 OK [http://localhost/map/isadvecchia]


Processing HomeController#index (for 127.0.0.1 at 2010-10-04 21:50:44) [GET]
Rendering home/index
Completed in 2ms (View: 1, DB: 0) | 200 OK [http://localhost/]


Processing TweetsMapController#map (for 127.0.0.1 at 2010-10-04 21:50:49) [GET]
  Parameters: {"user"=>"isadvecchia"}
Rendering tweets_map/map
Completed in 568ms (View: 1, DB: 0) | 200 OK [http://localhost/map/isadvecchia]


Processing TweetsMapController#map (for 127.0.0.1 at 2010-10-04 21:52:05) [GET]
  Parameters: {"user"=>"isadvecchia"}
Rendering tweets_map/map
Completed in 660ms (View: 4, DB: 0) | 200 OK [http://localhost/map/isadvecchia]


Processing HomeController#index (for 127.0.0.1 at 2010-10-04 21:53:00) [GET]
Rendering home/index
Completed in 5ms (View: 3, DB: 0) | 200 OK [http://localhost/]


Processing TweetsMapController#map (for 127.0.0.1 at 2010-10-04 21:53:05) [GET]
  Parameters: {"user"=>"isadvecchia"}
Rendering tweets_map/map
Completed in 628ms (View: 1, DB: 0) | 200 OK [http://localhost/map/isadvecchia]


Processing TweetsMapController#map (for 127.0.0.1 at 2010-10-04 21:55:03) [GET]
  Parameters: {"user"=>"isadvecchia"}
Rendering tweets_map/map
Completed in 701ms (View: 4, DB: 0) | 200 OK [http://localhost/map/isadvecchia]


Processing HomeController#index (for 127.0.0.1 at 2010-10-04 21:55:05) [GET]
Rendering home/index
Completed in 6ms (View: 4, DB: 0) | 200 OK [http://localhost/]


Processing TweetsMapController#map (for 127.0.0.1 at 2010-10-04 21:55:07) [GET]
  Parameters: {"user"=>"lucastorri"}
Rendering tweets_map/map
Completed in 2875ms (View: 1, DB: 0) | 200 OK [http://localhost/map/lucastorri]


Processing HomeController#index (for 127.0.0.1 at 2010-10-04 21:55:15) [GET]
Rendering home/index
Completed in 2ms (View: 0, DB: 0) | 200 OK [http://localhost/]


Processing TweetsMapController#map (for 127.0.0.1 at 2010-10-04 21:55:20) [GET]
  Parameters: {"user"=>"isadvecchia"}
Rendering tweets_map/map
Completed in 711ms (View: 1, DB: 0) | 200 OK [http://localhost/map/isadvecchia]


Processing TweetsMapController#map (for 127.0.0.1 at 2010-10-04 21:55:32) [GET]
  Parameters: {"user"=>"lucastorri"}
Rendering tweets_map/map
Completed in 2767ms (View: 1, DB: 0) | 200 OK [http://localhost/map/lucastorri]


Processing TweetsMapController#map (for 127.0.0.1 at 2010-10-04 21:55:41) [GET]
  Parameters: {"user"=>"lucastorri"}
Rendering tweets_map/map
Completed in 2995ms (View: 2, DB: 0) | 200 OK [http://localhost/map/lucastorri]


Processing HomeController#index (for 127.0.0.1 at 2010-10-04 21:56:06) [GET]
Rendering home/index
Completed in 5ms (View: 4, DB: 0) | 200 OK [http://localhost/]


Processing TweetsMapController#map (for 127.0.0.1 at 2010-10-04 21:56:12) [GET]
  Parameters: {"user"=>"isadvecchia"}
Rendering tweets_map/map
Completed in 740ms (View: 1, DB: 0) | 200 OK [http://localhost/map/isadvecchia]


Processing HomeController#index (for 127.0.0.1 at 2010-10-04 21:56:45) [GET]
Rendering home/index
Completed in 6ms (View: 4, DB: 0) | 200 OK [http://localhost/]


Processing TweetsMapController#map (for 127.0.0.1 at 2010-10-04 21:56:47) [GET]
  Parameters: {"user"=>"lucastorri"}
Rendering tweets_map/map
Completed in 2899ms (View: 1, DB: 0) | 200 OK [http://localhost/map/lucastorri]


Processing HomeController#index (for 127.0.0.1 at 2010-10-04 21:57:25) [GET]
Rendering home/index
Completed in 5ms (View: 3, DB: 0) | 200 OK [http://localhost/]


Processing TweetsMapController#map (for 127.0.0.1 at 2010-10-04 21:57:26) [GET]
  Parameters: {"user"=>"lucastorri"}
Rendering tweets_map/map
Completed in 3210ms (View: 2, DB: 0) | 200 OK [http://localhost/map/lucastorri]


Processing HomeController#index (for 127.0.0.1 at 2010-10-04 21:58:50) [GET]
Rendering home/index
Completed in 7ms (View: 5, DB: 0) | 200 OK [http://localhost/]


Processing TweetsMapController#map (for 127.0.0.1 at 2010-10-04 21:58:58) [GET]
  Parameters: {"user"=>"isadvecchia"}
Rendering tweets_map/map
Completed in 685ms (View: 1, DB: 0) | 200 OK [http://localhost/map/isadvecchia]


Processing HomeController#index (for 127.0.0.1 at 2010-10-04 21:59:37) [GET]
Rendering home/index
Completed in 5ms (View: 4, DB: 0) | 200 OK [http://localhost/]


Processing TweetsMapController#map (for 127.0.0.1 at 2010-10-04 21:59:44) [GET]
  Parameters: {"user"=>"isadvecchia"}
Rendering tweets_map/map
Completed in 756ms (View: 1, DB: 0) | 200 OK [http://localhost/map/isadvecchia]


Processing HomeController#index (for 127.0.0.1 at 2010-10-04 22:00:10) [GET]
Rendering home/index
Completed in 5ms (View: 3, DB: 0) | 200 OK [http://localhost/]


Processing HomeController#index (for 127.0.0.1 at 2010-10-04 22:00:15) [POST]
  Parameters: {"dyn"=>"isadvecchia"}
Rendering home/index
Completed in 2ms (View: 0, DB: 0) | 200 OK [http://localhost/]


Processing TweetsMapController#map (for 127.0.0.1 at 2010-10-04 22:00:19) [GET]
  Parameters: {"user"=>"isadvecchia"}
Rendering tweets_map/map
Completed in 659ms (View: 1, DB: 0) | 200 OK [http://localhost/map/isadvecchia]


Processing HomeController#index (for 127.0.0.1 at 2010-10-04 22:01:15) [POST]
  Parameters: {"dyn"=>"isadvecchia"}
Rendering home/index
Completed in 7ms (View: 5, DB: 0) | 200 OK [http://localhost/]


Processing TweetsMapController#map (for 127.0.0.1 at 2010-10-04 22:01:18) [GET]
  Parameters: {"user"=>"lucastorri"}
Rendering tweets_map/map
Completed in 3159ms (View: 1, DB: 0) | 200 OK [http://localhost/map/lucastorri]


Processing HomeController#index (for 127.0.0.1 at 2010-10-04 22:01:35) [POST]
  Parameters: {"dyn"=>"isadvecchia"}
Rendering home/index
Completed in 2ms (View: 1, DB: 0) | 200 OK [http://localhost/]


Processing TweetsMapController#map (for 127.0.0.1 at 2010-10-04 22:01:44) [GET]
  Parameters: {"user"=>"lucastorri"}
Rendering tweets_map/map
Completed in 3262ms (View: 3, DB: 0) | 200 OK [http://localhost/map/lucastorri]


Processing HomeController#index (for 127.0.0.1 at 2010-10-05 12:44:36) [GET]
Rendering home/index
Completed in 333ms (View: 224, DB: 0) | 200 OK [http://localhost/]


Processing TweetsMapController#map (for 127.0.0.1 at 2010-10-05 12:44:42) [GET]
  Parameters: {"user"=>"lucastorri"}
Rendering tweets_map/map
Completed in 8913ms (View: 2851, DB: 0) | 200 OK [http://localhost/map/lucastorri]


Processing HomeController#index (for 127.0.0.1 at 2010-10-05 12:48:32) [GET]
Rendering home/index
Completed in 10ms (View: 8, DB: 0) | 200 OK [http://localhost/]


Processing TweetsMapController#map (for 127.0.0.1 at 2010-10-05 12:48:37) [GET]
  Parameters: {"user"=>"lucastorri"}
Rendering tweets_map/map
Completed in 5082ms (View: 2, DB: 0) | 200 OK [http://localhost/map/lucastorri]


Processing HomeController#index (for 127.0.0.1 at 2010-10-05 12:50:28) [GET]
Rendering home/index
Completed in 26ms (View: 24, DB: 0) | 200 OK [http://localhost/]


Processing TweetsMapController#map (for 127.0.0.1 at 2010-10-05 12:50:40) [GET]
  Parameters: {"user"=>"jvortmann"}
Rendering tweets_map/map
Completed in 7488ms (View: 2, DB: 0) | 200 OK [http://localhost/map/jvortmann]


Processing HomeController#index (for 127.0.0.1 at 2010-10-05 13:04:09) [GET]
Rendering home/index
Completed in 8ms (View: 6, DB: 0) | 200 OK [http://localhost/]


Processing TweetsMapController#map (for 127.0.0.1 at 2010-10-05 13:04:16) [GET]
  Parameters: {"user"=>"lucastorri"}
Rendering tweets_map/map
Completed in 4556ms (View: 2, DB: 0) | 200 OK [http://localhost/map/lucastorri]


Processing TweetsMapController#map (for 127.0.0.1 at 2010-10-05 13:04:24) [GET]
  Parameters: {"user"=>"jvortmann"}
Rendering tweets_map/map
Completed in 3802ms (View: 3, DB: 0) | 200 OK [http://localhost/map/jvortmann]


Processing HomeController#index (for 127.0.0.1 at 2010-10-05 13:05:42) [GET]
Rendering home/index
Completed in 6ms (View: 4, DB: 0) | 200 OK [http://localhost/]


Processing TweetsMapController#map (for 127.0.0.1 at 2010-10-05 13:05:48) [GET]
  Parameters: {"user"=>"lucastorri"}
Rendering tweets_map/map
Completed in 5134ms (View: 2, DB: 0) | 200 OK [http://localhost/map/lucastorri]
